<?xml version="1.0" encoding="UTF-8"?>
<!-- Generated by org.testng.reporters.JUnitReportReporter -->
<testsuite hostname="IN-PG02NMX7" failures="0" tests="1" name="apitest.GenerateTokenTestApi" time="3.286" errors="0" timestamp="2022-02-07T20:28:10 IST" skipped="0">
  <testcase classname="apitest.GenerateTokenTestApi" name="Token" time="3.286"/>
  <system-out/>
</testsuite> <!-- apitest.GenerateTokenTestApi -->
