<?xml version="1.0" encoding="UTF-8"?>
<!-- Generated by org.testng.reporters.JUnitReportReporter -->
<testsuite skipped="0" hostname="IN-PG02NMX7" name="test.GenerateTokenTest" tests="1" failures="0" timestamp="2022-02-07T09:18:05 IST" time="1.804" errors="0">
  <testcase name="Token" time="1.804" classname="test.GenerateTokenTest"/>
  <system-out/>
</testsuite> <!-- test.GenerateTokenTest -->
