<?xml version="1.0" encoding="UTF-8"?>
<!-- Generated by org.testng.reporters.JUnitReportReporter -->
<testsuite skipped="0" hostname="IN-PG02NMX7" name="test.UpdateBookingTest" tests="1" failures="0" timestamp="2022-02-07T09:18:05 IST" time="1.337" errors="0">
  <testcase name="ValidUpdate" time="1.337" classname="test.UpdateBookingTest"/>
  <system-out/>
</testsuite> <!-- test.UpdateBookingTest -->
